{
   "dim": 2,
   "clusters": [
      {
         "mean": [
            4.119,
            5.114
         ],
         "sigma": [
            [
               9.921,
               0.026
            ],
            [
               0.026,
               5.875
            ]
         ],
         "numPts": 10
      },
      {
         "mean": [
            -3.115,
            -10.474
         ],
         "sigma": [
            [
               0.602,
               1.188
            ],
            [
               1.188,
               5.62
            ]
         ],
         "numPts": 34
      },
      {
         "mean": [
            -2.697,
            -11.174
         ],
         "sigma": [
            [
               1.823,
               1.957
            ],
            [
               1.957,
               2.118
            ]
         ],
         "numPts": 6
      },
      {
         "mean": [
            -15.355,
            1.838
         ],
         "sigma": [
            [
               7.966,
               5.61
            ],
            [
               5.61,
               7.442
            ]
         ],
         "numPts": 20
      }
   ]
}