{
   "dim": 2,
   "clusters": [
      {
         "mean": [
            -15.836,
            -0.353
         ],
         "sigma": [
            [
               4.589,
               2.625
            ],
            [
               2.625,
               7.991
            ]
         ],
         "numPts": 85
      },
      {
         "mean": [
            2.91,
            3.895
         ],
         "sigma": [
            [
               9.027,
               1.342
            ],
            [
               1.342,
               2.597
            ]
         ],
         "numPts": 90
      },
      {
         "mean": [
            5.866,
            1.467
         ],
         "sigma": [
            [
               0.764,
               -0.222
            ],
            [
               -0.222,
               0.719
            ]
         ],
         "numPts": 10
      },
      {
         "mean": [
            -3.015,
            -10.015
         ],
         "sigma": [
            [
               0.887,
               1.735
            ],
            [
               1.735,
               7.116
            ]
         ],
         "numPts": 400
      },
      {
         "mean": [
            -14.007,
            2.143
         ],
         "sigma": [
            [
               8.686,
               3.227
            ],
            [
               3.227,
               4.479
            ]
         ],
         "numPts": 116
      }
   ]
}