{
   "dim": 3,
   "clusters": [
      {
         "mean": [
            -15.043,
            0.897,
            0.09
         ],
         "sigma": [
            [
               6.539,
               3.769,
               1.307
            ],
            [
               3.769,
               4.034,
               3.588
            ],
            [
               1.307,
               3.588,
               6.613
            ]
         ],
         "numPts": 200
      },
      {
         "mean": [
            -4.487,
            -14.822,
            1.651
         ],
         "sigma": [
            [
               1.066,
               0.49,
               1.035
            ],
            [
               0.49,
               3.579,
               -1.987
            ],
            [
               1.035,
               -1.987,
               4.311
            ]
         ],
         "numPts": 22
      },
      {
         "mean": [
            -2.888,
            -9.707,
            5.135
         ],
         "sigma": [
            [
               0.745,
               1.273,
               0.582
            ],
            [
               1.273,
               7.755,
               1.076
            ],
            [
               0.582,
               1.076,
               7.645
            ]
         ],
         "numPts": 378
      },
      {
         "mean": [
            2.795,
            4.044,
            1.077
         ],
         "sigma": [
            [
               7.154,
               0.046,
               -0.327
            ],
            [
               0.046,
               5.718,
               0.259
            ],
            [
               -0.327,
               0.259,
               3.014
            ]
         ],
         "numPts": 100
      }
   ]
}